c:\projektygit\nostale_bot\release\vc142.pdb
c:\projektygit\nostale_bot\release\.netframework,version=v4.0.assemblyattributes.obj
c:\projektygit\nostale_bot\release\memscan.obj
c:\projektygit\nostale_bot\release\dllmain.obj
c:\projektygit\nostale_bot\release\callfunction.obj
c:\projektygit\nostale_bot\release\test.obj
c:\projektygit\nostale_bot\release\gui.obj
c:\projektygit\nostale_bot\release\targettab.obj
c:\projektygit\nostale_bot\release\healingtab.obj
c:\projektygit\nostale_bot\release\walkertab.obj
c:\projektygit\nostale_bot\release\maintab.obj
c:\projektygit\nostale_bot\release\loottab.obj
c:\projektygit\nostale_bot\release\zadyma.obj
c:\projektygit\nostale_bot\release\nostalebot.pdb
c:\projektygit\nostale_bot\release\nostalebot.dll.metagen
c:\projektygit\nostale_bot\release\nostalebot.dll
c:\projektygit\nostale_bot\release\nostalebot.tlog\cl.command.1.tlog
c:\projektygit\nostale_bot\release\nostalebot.tlog\cl.read.1.tlog
c:\projektygit\nostale_bot\release\nostalebot.tlog\cl.write.1.tlog
c:\projektygit\nostale_bot\release\nostalebot.tlog\link.command.1.tlog
c:\projektygit\nostale_bot\release\nostalebot.tlog\link.read.1.tlog
c:\projektygit\nostale_bot\release\nostalebot.tlog\link.write.1.tlog
c:\projektygit\nostale_bot\release\nostalebot.tlog\metagen.read.1.tlog
c:\projektygit\nostale_bot\release\nostalebot.tlog\metagen.write.1.tlog
